<?xml version="1.0" encoding="UTF-8"?>
<testng-results ignored="0" total="1" passed="1" failed="0" skipped="0">
  <reporter-output>
  </reporter-output>
  <suite started-at="2025-08-29T09:42:03 IST" name="Default suite" finished-at="2025-08-29T09:42:15 IST" duration-ms="12908">
    <groups>
    </groups>
    <test started-at="2025-08-29T09:42:03 IST" name="Default test" finished-at="2025-08-29T09:42:15 IST" duration-ms="12908">
      <class name="AutomationExcercise.TC_regr_core_003">
        <test-method is-config="true" signature="beforeSuite()[pri:0, instance:AutomationExcercise.TC_regr_core_003@2dfaea86]" started-at="2025-08-29T09:42:02 IST" name="beforeSuite" finished-at="2025-08-29T09:42:02 IST" duration-ms="281" status="PASS">
          <reporter-output>
          </reporter-output>
        </test-method> <!-- beforeSuite -->
        <test-method is-config="true" signature="beforeTest()[pri:0, instance:AutomationExcercise.TC_regr_core_003@2dfaea86]" started-at="2025-08-29T09:42:03 IST" name="beforeTest" finished-at="2025-08-29T09:42:03 IST" duration-ms="1" status="PASS">
          <reporter-output>
          </reporter-output>
        </test-method> <!-- beforeTest -->
        <test-method is-config="true" signature="beforeClass()[pri:0, instance:AutomationExcercise.TC_regr_core_003@2dfaea86]" started-at="2025-08-29T09:42:03 IST" name="beforeClass" finished-at="2025-08-29T09:42:03 IST" duration-ms="0" status="PASS">
          <reporter-output>
          </reporter-output>
        </test-method> <!-- beforeClass -->
        <test-method is-config="true" signature="beforeMethod(java.lang.String)[pri:0, instance:AutomationExcercise.TC_regr_core_003@2dfaea86]" started-at="2025-08-29T09:42:03 IST" name="beforeMethod" finished-at="2025-08-29T09:42:04 IST" duration-ms="1699" status="PASS">
          <params>
            <param index="0">
              <value>
                <![CDATA[chrome]]>
              </value>
            </param>
          </params>
          <reporter-output>
          </reporter-output>
        </test-method> <!-- beforeMethod -->
        <test-method signature="verifyLogoutFunctionality()[pri:0, instance:AutomationExcercise.TC_regr_core_003@2dfaea86]" started-at="2025-08-29T09:42:04 IST" name="verifyLogoutFunctionality" finished-at="2025-08-29T09:42:15 IST" duration-ms="10919" status="PASS">
          <reporter-output>
          </reporter-output>
        </test-method> <!-- verifyLogoutFunctionality -->
        <test-method is-config="true" signature="afterMethod()[pri:0, instance:AutomationExcercise.TC_regr_core_003@2dfaea86]" started-at="2025-08-29T09:42:15 IST" name="afterMethod" finished-at="2025-08-29T09:42:15 IST" duration-ms="255" status="PASS">
          <reporter-output>
          </reporter-output>
        </test-method> <!-- afterMethod -->
        <test-method is-config="true" signature="afterClass()[pri:0, instance:AutomationExcercise.TC_regr_core_003@2dfaea86]" started-at="2025-08-29T09:42:15 IST" name="afterClass" finished-at="2025-08-29T09:42:15 IST" duration-ms="1" status="PASS">
          <reporter-output>
          </reporter-output>
        </test-method> <!-- afterClass -->
        <test-method is-config="true" signature="afterTest()[pri:0, instance:AutomationExcercise.TC_regr_core_003@2dfaea86]" started-at="2025-08-29T09:42:15 IST" name="afterTest" finished-at="2025-08-29T09:42:15 IST" duration-ms="1" status="PASS">
          <reporter-output>
          </reporter-output>
        </test-method> <!-- afterTest -->
        <test-method is-config="true" signature="afterSuite()[pri:0, instance:AutomationExcercise.TC_regr_core_003@2dfaea86]" started-at="2025-08-29T09:42:15 IST" name="afterSuite" finished-at="2025-08-29T09:42:16 IST" duration-ms="326" status="PASS">
          <reporter-output>
          </reporter-output>
        </test-method> <!-- afterSuite -->
      </class> <!-- AutomationExcercise.TC_regr_core_003 -->
    </test> <!-- Default test -->
  </suite> <!-- Default suite -->
</testng-results>
